<?xml version="1.0" encoding="UTF-8"?>
<testng-results skipped="0" failed="0" ignored="0" total="2" passed="2">
  <reporter-output>
  </reporter-output>
  <suite name="Default suite" duration-ms="52" started-at="2019-03-02T18:37:55Z" finished-at="2019-03-02T18:37:55Z">
    <groups>
    </groups>
    <test name="Default test" duration-ms="52" started-at="2019-03-02T18:37:55Z" finished-at="2019-03-02T18:37:55Z">
      <class name="mavenTest.TestNG1">
        <test-method status="PASS" signature="test3()[pri:0, instance:mavenTest.TestNG1@6767c1fc]" name="test3" duration-ms="14" started-at="2019-03-02T18:37:55Z" finished-at="2019-03-02T18:37:55Z">
          <reporter-output>
          </reporter-output>
        </test-method> <!-- test3 -->
        <test-method status="PASS" signature="test4()[pri:0, instance:mavenTest.TestNG1@6767c1fc]" name="test4" duration-ms="3" started-at="2019-03-02T18:37:55Z" finished-at="2019-03-02T18:37:55Z">
          <reporter-output>
          </reporter-output>
        </test-method> <!-- test4 -->
      </class> <!-- mavenTest.TestNG1 -->
    </test> <!-- Default test -->
  </suite> <!-- Default suite -->
</testng-results>
